[2021-09-08 09:14:31,221] {manager.py:604} INFO - Processing files using up to 2 processes at a time 
[2021-09-08 09:14:31,228] {manager.py:605} INFO - Process each file at most once every 30 seconds
[2021-09-08 09:14:31,234] {manager.py:606} INFO - Checking for new files in /opt/airflow/dags every 300 seconds
[2021-09-08 09:14:31,238] {manager.py:754} INFO - Searching for files in /opt/airflow/dags
[2021-09-08 09:14:31,251] {manager.py:757} INFO - There are 0 files in /opt/airflow/dags
[2021-09-08 09:14:31,437] {manager.py:1128} INFO - Finding 'running' jobs without a recent heartbeat
[2021-09-08 09:14:31,449] {manager.py:1132} INFO - Failing jobs without heartbeat after 2021-09-08 09:09:31.448621+00:00
[2021-09-08 09:14:41,551] {manager.py:1128} INFO - Finding 'running' jobs without a recent heartbeat
[2021-09-08 09:14:41,561] {manager.py:1132} INFO - Failing jobs without heartbeat after 2021-09-08 09:09:41.561371+00:00
[2021-09-08 09:14:51,603] {manager.py:1128} INFO - Finding 'running' jobs without a recent heartbeat
[2021-09-08 09:14:51,611] {manager.py:1132} INFO - Failing jobs without heartbeat after 2021-09-08 09:09:51.611055+00:00
[2021-09-08 09:15:01,670] {manager.py:1128} INFO - Finding 'running' jobs without a recent heartbeat
[2021-09-08 09:15:01,674] {manager.py:1132} INFO - Failing jobs without heartbeat after 2021-09-08 09:10:01.674301+00:00
[2021-09-08 09:15:11,720] {manager.py:1128} INFO - Finding 'running' jobs without a recent heartbeat
[2021-09-08 09:15:11,724] {manager.py:1132} INFO - Failing jobs without heartbeat after 2021-09-08 09:10:11.724518+00:00
[2021-09-08 09:15:21,788] {manager.py:1128} INFO - Finding 'running' jobs without a recent heartbeat
[2021-09-08 09:15:21,793] {manager.py:1132} INFO - Failing jobs without heartbeat after 2021-09-08 09:10:21.793629+00:00
[2021-09-08 09:15:31,875] {manager.py:1128} INFO - Finding 'running' jobs without a recent heartbeat
[2021-09-08 09:15:31,878] {manager.py:1132} INFO - Failing jobs without heartbeat after 2021-09-08 09:10:31.878792+00:00
[2021-09-08 09:15:41,931] {manager.py:1128} INFO - Finding 'running' jobs without a recent heartbeat
[2021-09-08 09:15:41,935] {manager.py:1132} INFO - Failing jobs without heartbeat after 2021-09-08 09:10:41.935458+00:00
[2021-09-08 09:15:52,025] {manager.py:1128} INFO - Finding 'running' jobs without a recent heartbeat
[2021-09-08 09:15:52,029] {manager.py:1132} INFO - Failing jobs without heartbeat after 2021-09-08 09:10:52.029864+00:00
[2021-09-08 09:16:02,076] {manager.py:1128} INFO - Finding 'running' jobs without a recent heartbeat
[2021-09-08 09:16:02,079] {manager.py:1132} INFO - Failing jobs without heartbeat after 2021-09-08 09:11:02.079659+00:00
[2021-09-08 09:16:12,119] {manager.py:1128} INFO - Finding 'running' jobs without a recent heartbeat
[2021-09-08 09:16:12,127] {manager.py:1132} INFO - Failing jobs without heartbeat after 2021-09-08 09:11:12.126471+00:00
[2021-09-08 09:16:22,194] {manager.py:1128} INFO - Finding 'running' jobs without a recent heartbeat
[2021-09-08 09:16:22,203] {manager.py:1132} INFO - Failing jobs without heartbeat after 2021-09-08 09:11:22.203270+00:00
